TN:
SF:app.js
FN:18,(anonymous_1)
FN:20,(anonymous_2)
FN:48,(anonymous_3)
FNF:3
FNH:2
FNDA:1,(anonymous_1)
FNDA:1,(anonymous_2)
FNDA:0,(anonymous_3)
DA:4,1
DA:5,1
DA:6,1
DA:7,1
DA:8,1
DA:10,1
DA:12,1
DA:14,1
DA:18,1
DA:20,1
DA:21,1
DA:22,1
DA:23,1
DA:24,1
DA:25,1
DA:29,1
DA:30,1
DA:32,1
DA:33,1
DA:34,1
DA:35,1
DA:36,1
DA:37,1
DA:38,1
DA:39,1
DA:44,1
DA:45,1
DA:48,1
DA:49,0
DA:52,1
DA:53,1
DA:54,1
DA:55,1
DA:56,1
DA:57,1
DA:58,1
DA:59,1
DA:60,1
DA:61,1
DA:62,1
DA:63,1
DA:64,1
DA:65,1
DA:66,1
DA:67,1
DA:68,1
DA:69,1
DA:70,1
DA:71,1
DA:72,1
DA:73,1
DA:74,1
DA:75,1
DA:76,1
DA:77,1
DA:82,1
DA:84,1
LF:57
LH:56
BRDA:44,1,0,1
BRDA:44,1,1,0
BRF:2
BRH:1
end_of_record
TN:
SF:routes/index.js
FN:6,(anonymous_1)
FNF:1
FNH:0
FNDA:0,(anonymous_1)
DA:6,1
DA:7,0
LF:2
LH:1
BRF:0
BRH:0
end_of_record
TN:
SF:routes/services.js
FN:16,(anonymous_1)
FN:30,(anonymous_2)
FN:37,(anonymous_3)
FN:46,(anonymous_4)
FN:60,(anonymous_5)
FN:66,(anonymous_6)
FN:74,(anonymous_7)
FN:94,(anonymous_8)
FN:104,(anonymous_9)
FN:106,(anonymous_10)
FN:113,(anonymous_11)
FN:125,(anonymous_12)
FN:128,(anonymous_13)
FN:131,(anonymous_14)
FN:140,(anonymous_15)
FN:148,(anonymous_16)
FN:153,(anonymous_17)
FN:160,(anonymous_18)
FN:173,(anonymous_19)
FN:174,(anonymous_20)
FN:181,(anonymous_21)
FN:190,(anonymous_22)
FN:191,(anonymous_23)
FN:197,(anonymous_24)
FN:206,(anonymous_25)
FN:213,(anonymous_26)
FN:221,(anonymous_27)
FN:236,(anonymous_28)
FN:238,(anonymous_29)
FN:245,(anonymous_30)
FN:254,(anonymous_31)
FN:261,(anonymous_32)
FN:283,(anonymous_33)
FN:285,(anonymous_34)
FN:292,(anonymous_35)
FN:302,(anonymous_36)
FN:303,(anonymous_37)
FN:311,(anonymous_38)
FN:341,(anonymous_39)
FN:342,(anonymous_40)
FN:347,(anonymous_41)
FN:362,(anonymous_42)
FN:366,(anonymous_43)
FN:372,(anonymous_44)
FN:379,(anonymous_45)
FN:406,(anonymous_46)
FN:413,(anonymous_47)
FN:421,(anonymous_48)
FN:432,(anonymous_49)
FN:437,(anonymous_50)
FN:444,(anonymous_51)
FN:461,(anonymous_52)
FN:465,(anonymous_53)
FN:473,(anonymous_54)
FN:491,(anonymous_55)
FN:493,(anonymous_56)
FN:500,(anonymous_57)
FN:510,(anonymous_58)
FN:511,(anonymous_59)
FN:516,(anonymous_60)
FN:524,(anonymous_61)
FN:525,(anonymous_62)
FN:530,(anonymous_63)
FN:538,(anonymous_64)
FN:540,(anonymous_65)
FN:547,(anonymous_66)
FN:562,(anonymous_67)
FN:564,(anonymous_68)
FN:572,(anonymous_69)
FN:587,(anonymous_70)
FN:589,(anonymous_71)
FN:596,(anonymous_72)
FN:612,(anonymous_73)
FN:615,(anonymous_74)
FN:620,(anonymous_75)
FN:626,(anonymous_76)
FN:633,(anonymous_77)
FN:637,(anonymous_78)
FN:650,(anonymous_79)
FN:671,(anonymous_80)
FN:676,(anonymous_81)
FN:681,(anonymous_82)
FN:684,(anonymous_83)
FN:693,(anonymous_84)
FN:695,(anonymous_85)
FN:700,(anonymous_86)
FN:701,(anonymous_87)
FN:707,(anonymous_88)
FN:715,(anonymous_89)
FN:731,(anonymous_90)
FN:733,(anonymous_91)
FN:738,(anonymous_92)
FN:754,(anonymous_93)
FN:759,(anonymous_94)
FN:765,(anonymous_95)
FN:769,(anonymous_96)
FN:773,(anonymous_97)
FN:777,(anonymous_98)
FN:781,(anonymous_99)
FN:788,(anonymous_100)
FN:792,(anonymous_101)
FN:814,(anonymous_102)
FN:818,(anonymous_103)
FN:826,(anonymous_104)
FN:834,(anonymous_105)
FN:847,(anonymous_106)
FN:851,(anonymous_107)
FN:856,(anonymous_108)
FN:873,(anonymous_109)
FN:878,(anonymous_110)
FN:883,(anonymous_111)
FN:911,(anonymous_112)
FN:931,(anonymous_113)
FN:943,(anonymous_114)
FN:976,(anonymous_115)
FN:982,(anonymous_116)
FN:993,(anonymous_117)
FN:1031,(anonymous_118)
FN:1036,(anonymous_119)
FN:1045,(anonymous_120)
FN:1060,(anonymous_121)
FN:1065,(anonymous_122)
FN:1074,(anonymous_123)
FN:1089,(anonymous_124)
FN:1094,(anonymous_125)
FN:1103,updateSearchLog
FN:1108,(anonymous_127)
FN:1113,(anonymous_128)
FN:1116,(anonymous_129)
FN:1122,(anonymous_130)
FNF:130
FNH:3
FNDA:1,(anonymous_1)
FNDA:1,(anonymous_2)
FNDA:1,(anonymous_3)
FNDA:0,(anonymous_4)
FNDA:0,(anonymous_5)
FNDA:0,(anonymous_6)
FNDA:0,(anonymous_7)
FNDA:0,(anonymous_8)
FNDA:0,(anonymous_9)
FNDA:0,(anonymous_10)
FNDA:0,(anonymous_11)
FNDA:0,(anonymous_12)
FNDA:0,(anonymous_13)
FNDA:0,(anonymous_14)
FNDA:0,(anonymous_15)
FNDA:0,(anonymous_16)
FNDA:0,(anonymous_17)
FNDA:0,(anonymous_18)
FNDA:0,(anonymous_19)
FNDA:0,(anonymous_20)
FNDA:0,(anonymous_21)
FNDA:0,(anonymous_22)
FNDA:0,(anonymous_23)
FNDA:0,(anonymous_24)
FNDA:0,(anonymous_25)
FNDA:0,(anonymous_26)
FNDA:0,(anonymous_27)
FNDA:0,(anonymous_28)
FNDA:0,(anonymous_29)
FNDA:0,(anonymous_30)
FNDA:0,(anonymous_31)
FNDA:0,(anonymous_32)
FNDA:0,(anonymous_33)
FNDA:0,(anonymous_34)
FNDA:0,(anonymous_35)
FNDA:0,(anonymous_36)
FNDA:0,(anonymous_37)
FNDA:0,(anonymous_38)
FNDA:0,(anonymous_39)
FNDA:0,(anonymous_40)
FNDA:0,(anonymous_41)
FNDA:0,(anonymous_42)
FNDA:0,(anonymous_43)
FNDA:0,(anonymous_44)
FNDA:0,(anonymous_45)
FNDA:0,(anonymous_46)
FNDA:0,(anonymous_47)
FNDA:0,(anonymous_48)
FNDA:0,(anonymous_49)
FNDA:0,(anonymous_50)
FNDA:0,(anonymous_51)
FNDA:0,(anonymous_52)
FNDA:0,(anonymous_53)
FNDA:0,(anonymous_54)
FNDA:0,(anonymous_55)
FNDA:0,(anonymous_56)
FNDA:0,(anonymous_57)
FNDA:0,(anonymous_58)
FNDA:0,(anonymous_59)
FNDA:0,(anonymous_60)
FNDA:0,(anonymous_61)
FNDA:0,(anonymous_62)
FNDA:0,(anonymous_63)
FNDA:0,(anonymous_64)
FNDA:0,(anonymous_65)
FNDA:0,(anonymous_66)
FNDA:0,(anonymous_67)
FNDA:0,(anonymous_68)
FNDA:0,(anonymous_69)
FNDA:0,(anonymous_70)
FNDA:0,(anonymous_71)
FNDA:0,(anonymous_72)
FNDA:0,(anonymous_73)
FNDA:0,(anonymous_74)
FNDA:0,(anonymous_75)
FNDA:0,(anonymous_76)
FNDA:0,(anonymous_77)
FNDA:0,(anonymous_78)
FNDA:0,(anonymous_79)
FNDA:0,(anonymous_80)
FNDA:0,(anonymous_81)
FNDA:0,(anonymous_82)
FNDA:0,(anonymous_83)
FNDA:0,(anonymous_84)
FNDA:0,(anonymous_85)
FNDA:0,(anonymous_86)
FNDA:0,(anonymous_87)
FNDA:0,(anonymous_88)
FNDA:0,(anonymous_89)
FNDA:0,(anonymous_90)
FNDA:0,(anonymous_91)
FNDA:0,(anonymous_92)
FNDA:0,(anonymous_93)
FNDA:0,(anonymous_94)
FNDA:0,(anonymous_95)
FNDA:0,(anonymous_96)
FNDA:0,(anonymous_97)
FNDA:0,(anonymous_98)
FNDA:0,(anonymous_99)
FNDA:0,(anonymous_100)
FNDA:0,(anonymous_101)
FNDA:0,(anonymous_102)
FNDA:0,(anonymous_103)
FNDA:0,(anonymous_104)
FNDA:0,(anonymous_105)
FNDA:0,(anonymous_106)
FNDA:0,(anonymous_107)
FNDA:0,(anonymous_108)
FNDA:0,(anonymous_109)
FNDA:0,(anonymous_110)
FNDA:0,(anonymous_111)
FNDA:0,(anonymous_112)
FNDA:0,(anonymous_113)
FNDA:0,(anonymous_114)
FNDA:0,(anonymous_115)
FNDA:0,(anonymous_116)
FNDA:0,(anonymous_117)
FNDA:0,(anonymous_118)
FNDA:0,(anonymous_119)
FNDA:0,(anonymous_120)
FNDA:0,(anonymous_121)
FNDA:0,(anonymous_122)
FNDA:0,(anonymous_123)
FNDA:0,(anonymous_124)
FNDA:0,(anonymous_125)
FNDA:0,updateSearchLog
FNDA:0,(anonymous_127)
FNDA:0,(anonymous_128)
FNDA:0,(anonymous_129)
FNDA:0,(anonymous_130)
DA:2,1
DA:3,1
DA:4,1
DA:5,1
DA:6,1
DA:7,1
DA:8,1
DA:16,1
DA:18,1
DA:19,1
DA:20,1
DA:21,1
DA:23,1
DA:30,1
DA:32,1
DA:33,0
DA:36,1
DA:37,1
DA:38,1
DA:40,1
DA:42,1
DA:43,1
DA:46,0
DA:47,0
DA:49,0
DA:50,0
DA:60,1
DA:62,0
DA:63,0
DA:64,0
DA:66,0
DA:68,0
DA:69,0
DA:72,0
DA:74,0
DA:75,0
DA:77,0
DA:79,0
DA:81,0
DA:82,0
DA:94,1
DA:96,0
DA:97,0
DA:99,0
DA:104,1
DA:106,0
DA:108,0
DA:109,0
DA:112,0
DA:113,0
DA:114,0
DA:116,0
DA:117,0
DA:125,1
DA:126,0
DA:128,0
DA:129,0
DA:130,0
DA:131,0
DA:132,0
DA:133,0
DA:140,1
DA:142,0
DA:143,0
DA:145,0
DA:146,0
DA:148,0
DA:149,0
DA:150,0
DA:152,0
DA:153,0
DA:154,0
DA:155,0
DA:156,0
DA:157,0
DA:160,0
DA:161,0
DA:162,0
DA:163,0
DA:164,0
DA:165,0
DA:173,1
DA:174,0
DA:176,0
DA:177,0
DA:180,0
DA:181,0
DA:182,0
DA:184,0
DA:185,0
DA:190,1
DA:191,0
DA:193,0
DA:194,0
DA:196,0
DA:197,0
DA:198,0
DA:200,0
DA:201,0
DA:206,1
DA:208,0
DA:210,0
DA:211,0
DA:213,0
DA:215,0
DA:216,0
DA:219,0
DA:221,0
DA:223,0
DA:225,0
DA:226,0
DA:227,0
DA:228,0
DA:236,1
DA:238,0
DA:240,0
DA:241,0
DA:244,0
DA:245,0
DA:246,0
DA:248,0
DA:250,0
DA:251,0
DA:252,0
DA:254,0
DA:255,0
DA:257,0
DA:258,0
DA:261,0
DA:262,0
DA:264,0
DA:265,0
DA:268,0
DA:269,0
DA:275,0
DA:276,0
DA:283,1
DA:285,0
DA:287,0
DA:288,0
DA:291,0
DA:292,0
DA:293,0
DA:295,0
DA:296,0
DA:302,1
DA:303,0
DA:305,0
DA:306,0
DA:309,0
DA:311,0
DA:312,0
DA:314,0
DA:315,0
DA:341,1
DA:342,0
DA:343,0
DA:344,0
DA:346,0
DA:347,0
DA:348,0
DA:350,0
DA:353,0
DA:354,0
DA:356,0
DA:357,0
DA:358,0
DA:359,0
DA:360,0
DA:362,0
DA:363,0
DA:365,0
DA:367,0
DA:368,0
DA:370,0
DA:372,0
DA:373,0
DA:375,0
DA:376,0
DA:379,0
DA:380,0
DA:382,0
DA:383,0
DA:386,0
DA:387,0
DA:399,0
DA:400,0
DA:406,1
DA:408,0
DA:410,0
DA:411,0
DA:413,0
DA:415,0
DA:416,0
DA:419,0
DA:421,0
DA:423,0
DA:425,0
DA:427,0
DA:428,0
DA:429,0
DA:432,0
DA:434,0
DA:436,0
DA:437,0
DA:438,0
DA:440,0
DA:441,0
DA:442,0
DA:443,0
DA:444,0
DA:445,0
DA:446,0
DA:461,1
DA:463,0
DA:465,0
DA:467,0
DA:468,0
DA:471,0
DA:473,0
DA:475,0
DA:477,0
DA:478,0
DA:479,0
DA:481,0
DA:482,0
DA:491,1
DA:493,0
DA:495,0
DA:496,0
DA:499,0
DA:500,0
DA:501,0
DA:503,0
DA:504,0
DA:510,1
DA:511,0
DA:512,0
DA:513,0
DA:515,0
DA:516,0
DA:517,0
DA:518,0
DA:519,0
DA:524,1
DA:525,0
DA:526,0
DA:527,0
DA:529,0
DA:530,0
DA:531,0
DA:532,0
DA:533,0
DA:538,1
DA:540,0
DA:542,0
DA:543,0
DA:546,0
DA:547,0
DA:548,0
DA:550,0
DA:551,0
DA:552,0
DA:554,0
DA:555,0
DA:562,1
DA:564,0
DA:566,0
DA:567,0
DA:570,0
DA:572,0
DA:573,0
DA:575,0
DA:576,0
DA:577,0
DA:579,0
DA:580,0
DA:587,1
DA:589,0
DA:591,0
DA:592,0
DA:595,0
DA:596,0
DA:597,0
DA:599,0
DA:600,0
DA:601,0
DA:603,0
DA:604,0
DA:612,1
DA:614,0
DA:615,0
DA:616,0
DA:617,0
DA:619,0
DA:620,0
DA:621,0
DA:623,0
DA:624,0
DA:625,0
DA:626,0
DA:627,0
DA:628,0
DA:629,0
DA:630,0
DA:631,0
DA:632,0
DA:633,0
DA:634,0
DA:635,0
DA:637,0
DA:638,0
DA:639,0
DA:640,0
DA:641,0
DA:642,0
DA:644,0
DA:645,0
DA:646,0
DA:650,0
DA:651,0
DA:652,0
DA:653,0
DA:654,0
DA:655,0
DA:657,0
DA:658,0
DA:671,1
DA:673,0
DA:674,0
DA:676,0
DA:677,0
DA:678,0
DA:680,0
DA:681,0
DA:682,0
DA:683,0
DA:684,0
DA:685,0
DA:686,0
DA:693,1
DA:695,0
DA:696,0
DA:697,0
DA:699,0
DA:700,0
DA:701,0
DA:703,0
DA:705,0
DA:706,0
DA:707,0
DA:709,0
DA:714,0
DA:715,0
DA:716,0
DA:717,0
DA:718,0
DA:731,1
DA:733,0
DA:734,0
DA:735,0
DA:737,0
DA:738,0
DA:740,0
DA:741,0
DA:745,0
DA:754,1
DA:756,0
DA:757,0
DA:759,0
DA:761,0
DA:762,0
DA:764,0
DA:765,0
DA:766,0
DA:767,0
DA:769,0
DA:770,0
DA:771,0
DA:773,0
DA:774,0
DA:775,0
DA:777,0
DA:778,0
DA:779,0
DA:781,0
DA:782,0
DA:784,0
DA:785,0
DA:786,0
DA:788,0
DA:789,0
DA:791,0
DA:792,0
DA:793,0
DA:794,0
DA:795,0
DA:796,0
DA:797,0
DA:814,1
DA:816,0
DA:818,0
DA:820,0
DA:821,0
DA:824,0
DA:826,0
DA:828,0
DA:830,0
DA:831,0
DA:832,0
DA:834,0
DA:835,0
DA:836,0
DA:837,0
DA:847,1
DA:848,0
DA:849,0
DA:850,0
DA:851,0
DA:852,0
DA:853,0
DA:855,0
DA:856,0
DA:857,0
DA:859,0
DA:860,0
DA:868,0
DA:873,1
DA:875,0
DA:876,0
DA:878,0
DA:879,0
DA:880,0
DA:882,0
DA:883,0
DA:884,0
DA:886,0
DA:887,0
DA:888,0
DA:889,0
DA:890,0
DA:911,1
DA:912,0
DA:914,0
DA:915,0
DA:916,0
DA:917,0
DA:918,0
DA:920,0
DA:921,0
DA:922,0
DA:923,0
DA:931,0
DA:932,0
DA:933,0
DA:934,0
DA:936,0
DA:937,0
DA:943,1
DA:945,0
DA:948,0
DA:957,0
DA:959,0
DA:974,0
DA:976,0
DA:977,0
DA:978,0
DA:980,0
DA:982,0
DA:983,0
DA:984,0
DA:993,1
DA:995,0
DA:998,0
DA:1008,0
DA:1025,0
DA:1031,0
DA:1032,0
DA:1033,0
DA:1035,0
DA:1036,0
DA:1037,0
DA:1038,0
DA:1045,1
DA:1047,0
DA:1050,0
DA:1060,0
DA:1061,0
DA:1062,0
DA:1064,0
DA:1065,0
DA:1066,0
DA:1067,0
DA:1074,1
DA:1076,0
DA:1079,0
DA:1089,0
DA:1090,0
DA:1091,0
DA:1093,0
DA:1094,0
DA:1095,0
DA:1096,0
DA:1103,1
DA:1104,0
DA:1106,0
DA:1108,0
DA:1109,0
DA:1110,0
DA:1112,0
DA:1113,0
DA:1114,0
DA:1115,0
DA:1116,0
DA:1117,0
DA:1122,0
DA:1123,0
DA:1124,0
LF:518
LH:55
BRDA:32,1,0,0
BRDA:32,1,1,1
BRDA:38,2,0,0
BRDA:38,2,1,1
BRDA:40,3,0,1
BRDA:40,3,1,0
BRDA:47,4,0,0
BRDA:47,4,1,0
BRDA:68,5,0,0
BRDA:68,5,1,0
BRDA:75,6,0,0
BRDA:75,6,1,0
BRDA:77,7,0,0
BRDA:77,7,1,0
BRDA:96,8,0,0
BRDA:96,8,1,0
BRDA:108,9,0,0
BRDA:108,9,1,0
BRDA:114,10,0,0
BRDA:114,10,1,0
BRDA:149,11,0,0
BRDA:149,11,1,0
BRDA:154,12,0,0
BRDA:154,12,1,0
BRDA:155,13,0,0
BRDA:155,13,1,0
BRDA:161,14,0,0
BRDA:161,14,1,0
BRDA:176,15,0,0
BRDA:176,15,1,0
BRDA:182,16,0,0
BRDA:182,16,1,0
BRDA:193,17,0,0
BRDA:193,17,1,0
BRDA:198,18,0,0
BRDA:198,18,1,0
BRDA:215,19,0,0
BRDA:215,19,1,0
BRDA:223,20,0,0
BRDA:223,20,1,0
BRDA:240,21,0,0
BRDA:240,21,1,0
BRDA:246,22,0,0
BRDA:246,22,1,0
BRDA:248,23,0,0
BRDA:248,23,1,0
BRDA:255,24,0,0
BRDA:255,24,1,0
BRDA:257,25,0,0
BRDA:257,25,1,0
BRDA:262,26,0,0
BRDA:262,26,1,0
BRDA:264,27,0,0
BRDA:264,27,1,0
BRDA:287,28,0,0
BRDA:287,28,1,0
BRDA:293,29,0,0
BRDA:293,29,1,0
BRDA:305,30,0,0
BRDA:305,30,1,0
BRDA:312,31,0,0
BRDA:312,31,1,0
BRDA:343,32,0,0
BRDA:343,32,1,0
BRDA:348,33,0,0
BRDA:348,33,1,0
BRDA:350,34,0,0
BRDA:350,34,1,0
BRDA:373,35,0,0
BRDA:373,35,1,0
BRDA:375,36,0,0
BRDA:375,36,1,0
BRDA:380,37,0,0
BRDA:380,37,1,0
BRDA:382,38,0,0
BRDA:382,38,1,0
BRDA:415,39,0,0
BRDA:415,39,1,0
BRDA:423,40,0,0
BRDA:423,40,1,0
BRDA:427,41,0,0
BRDA:427,41,1,0
BRDA:434,42,0,0
BRDA:434,42,1,0
BRDA:438,43,0,0
BRDA:438,43,1,0
BRDA:467,44,0,0
BRDA:467,44,1,0
BRDA:475,45,0,0
BRDA:475,45,1,0
BRDA:477,46,0,0
BRDA:477,46,1,0
BRDA:495,47,0,0
BRDA:495,47,1,0
BRDA:501,48,0,0
BRDA:501,48,1,0
BRDA:512,49,0,0
BRDA:512,49,1,0
BRDA:517,50,0,0
BRDA:517,50,1,0
BRDA:526,51,0,0
BRDA:526,51,1,0
BRDA:531,52,0,0
BRDA:531,52,1,0
BRDA:542,53,0,0
BRDA:542,53,1,0
BRDA:548,54,0,0
BRDA:548,54,1,0
BRDA:550,55,0,0
BRDA:550,55,1,0
BRDA:566,56,0,0
BRDA:566,56,1,0
BRDA:573,57,0,0
BRDA:573,57,1,0
BRDA:575,58,0,0
BRDA:575,58,1,0
BRDA:591,59,0,0
BRDA:591,59,1,0
BRDA:597,60,0,0
BRDA:597,60,1,0
BRDA:599,61,0,0
BRDA:599,61,1,0
BRDA:616,62,0,0
BRDA:616,62,1,0
BRDA:621,63,0,0
BRDA:621,63,1,0
BRDA:623,64,0,0
BRDA:623,64,1,0
BRDA:627,65,0,0
BRDA:627,65,1,0
BRDA:628,66,0,0
BRDA:628,66,1,0
BRDA:634,67,0,0
BRDA:634,67,1,0
BRDA:638,68,0,0
BRDA:638,68,1,0
BRDA:639,69,0,0
BRDA:639,69,1,0
BRDA:651,70,0,0
BRDA:651,70,1,0
BRDA:652,71,0,0
BRDA:652,71,1,0
BRDA:677,72,0,0
BRDA:677,72,1,0
BRDA:682,73,0,0
BRDA:682,73,1,0
BRDA:683,74,0,0
BRDA:683,74,1,0
BRDA:696,75,0,0
BRDA:696,75,1,0
BRDA:705,76,0,0
BRDA:705,76,1,0
BRDA:734,77,0,0
BRDA:734,77,1,0
BRDA:761,78,0,0
BRDA:761,78,1,0
BRDA:766,79,0,0
BRDA:766,79,1,0
BRDA:770,80,0,0
BRDA:770,80,1,0
BRDA:774,81,0,0
BRDA:774,81,1,0
BRDA:778,82,0,0
BRDA:778,82,1,0
BRDA:782,83,0,0
BRDA:782,83,1,0
BRDA:789,84,0,0
BRDA:789,84,1,0
BRDA:793,85,0,0
BRDA:793,85,1,0
BRDA:820,86,0,0
BRDA:820,86,1,0
BRDA:828,87,0,0
BRDA:828,87,1,0
BRDA:830,88,0,0
BRDA:830,88,1,0
BRDA:835,89,0,0
BRDA:835,89,1,0
BRDA:852,90,0,0
BRDA:852,90,1,0
BRDA:857,91,0,0
BRDA:857,91,1,0
BRDA:879,92,0,0
BRDA:879,92,1,0
BRDA:884,93,0,0
BRDA:884,93,1,0
BRDA:915,94,0,0
BRDA:915,94,1,0
BRDA:920,95,0,0
BRDA:920,95,1,0
BRDA:932,96,0,0
BRDA:932,96,1,0
BRDA:977,97,0,0
BRDA:977,97,1,0
BRDA:983,98,0,0
BRDA:983,98,1,0
BRDA:984,99,0,0
BRDA:984,99,1,0
BRDA:1032,100,0,0
BRDA:1032,100,1,0
BRDA:1037,101,0,0
BRDA:1037,101,1,0
BRDA:1038,102,0,0
BRDA:1038,102,1,0
BRDA:1061,103,0,0
BRDA:1061,103,1,0
BRDA:1066,104,0,0
BRDA:1066,104,1,0
BRDA:1067,105,0,0
BRDA:1067,105,1,0
BRDA:1090,106,0,0
BRDA:1090,106,1,0
BRDA:1095,107,0,0
BRDA:1095,107,1,0
BRDA:1096,108,0,0
BRDA:1096,108,1,0
BRDA:1109,109,0,0
BRDA:1109,109,1,0
BRDA:1114,110,0,0
BRDA:1114,110,1,0
BRDA:1115,111,0,0
BRDA:1115,111,1,0
BRDA:1123,112,0,0
BRDA:1123,112,1,0
BRF:224
BRH:3
end_of_record
TN:
SF:routes/databaseconnection.js
FNF:0
FNH:0
DA:2,1
DA:3,1
DA:12,1
LF:3
LH:3
BRF:0
BRH:0
end_of_record
TN:
SF:solrconfig.js
FNF:0
FNH:0
DA:7,1
DA:15,1
LF:2
LH:2
BRF:0
BRH:0
end_of_record
TN:
SF:config.js
FNF:0
FNH:0
DA:4,1
LF:1
LH:1
BRF:0
BRH:0
end_of_record
